<?xml version="1.0" encoding="UTF-8"?>
<!-- Generated by org.testng.reporters.JUnitReportReporter -->
<testsuite hostname="DESKTOP-MF5HO5G" failures="0" tests="2" name="testNGConcepts.Demo1" time="0.029" errors="0" timestamp="2024-10-17T14:35:38 IST" skipped="0">
  <testcase classname="testNGConcepts.Demo1" name="verifyRegistration" time="0.011"/>
  <system-out/>
  <testcase classname="testNGConcepts.Demo1" name="verifyLogin" time="0.018"/>
  <system-out/>
</testsuite> <!-- testNGConcepts.Demo1 -->
