<?xml version="1.0" encoding="UTF-8"?>
<!-- Generated by org.testng.reporters.JUnitReportReporter -->
<testsuite hostname="DESKTOP-MF5HO5G" failures="0" tests="3" name="testNGConcepts.DependsOnMethods2" time="0.019" errors="0" timestamp="2024-10-18T12:13:51 IST" skipped="0">
  <testcase classname="testNGConcepts.DependsOnMethods2" name="methodA" time="0.002"/>
  <system-out/>
  <testcase classname="testNGConcepts.DependsOnMethods2" name="methodC" time="0.015"/>
  <system-out/>
  <testcase classname="testNGConcepts.DependsOnMethods2" name="methodB" time="0.002"/>
  <system-out/>
</testsuite> <!-- testNGConcepts.DependsOnMethods2 -->
