<?xml version="1.0" encoding="UTF-8"?>
<!-- Generated by org.testng.reporters.JUnitReportReporter -->
<testsuite hostname="DESKTOP-MF5HO5G" failures="0" tests="4" name="TestCases.RegisterTestCases" time="59.092" errors="0" timestamp="2024-11-29T16:14:14 IST" skipped="0">
  <testcase classname="TestCases.RegisterTestCases" name="verifyRegsiterationWithValidData" time="13.797"/>
  <system-out/>
  <testcase classname="TestCases.RegisterTestCases" name="verifyRegsiterationWithBlankData" time="19.597"/>
  <system-out/>
  <testcase classname="TestCases.RegisterTestCases" name="verifyRegsiterationWithValidData" time="12.778"/>
  <system-out/>
  <testcase classname="TestCases.RegisterTestCases" name="verifyRegsiterationWithBlankData" time="12.920"/>
  <system-out/>
</testsuite> <!-- TestCases.RegisterTestCases -->
