<?xml version="1.0" encoding="UTF-8"?>
<!-- Generated by org.testng.reporters.JUnitReportReporter -->
<testsuite hostname="DESKTOP-MF5HO5G" failures="0" tests="1" name="TestCases.AddToCartTestCases" time="7.586" errors="0" timestamp="2024-11-05T14:21:28 IST" skipped="0">
  <testcase classname="TestCases.AddToCartTestCases" name="VerifyProductPriceBeforeAndAfter" time="7.586"/>
  <system-out/>
</testsuite> <!-- TestCases.AddToCartTestCases -->
