<?xml version="1.0" encoding="UTF-8"?>
<!-- Generated by org.testng.reporters.JUnitReportReporter -->
<testsuite hostname="DESKTOP-MF5HO5G" failures="0" tests="1" name="TestCases.AddToCartTestCases" time="8.578" errors="0" timestamp="2024-11-13T12:06:23 IST" skipped="0">
  <testcase classname="TestCases.AddToCartTestCases" name="VerifyProductPriceBeforeAndAfter" time="8.578"/>
  <system-out/>
</testsuite> <!-- TestCases.AddToCartTestCases -->
