<?xml version="1.0" encoding="UTF-8"?>
<!-- Generated by org.testng.reporters.JUnitReportReporter -->
<testsuite hostname="DESKTOP-MF5HO5G" failures="0" tests="2" name="testNGConcepts.Demo2" time="0.005" errors="0" timestamp="2024-10-17T14:35:38 IST" skipped="0">
  <testcase classname="testNGConcepts.Demo2" name="verifyProduct" time="0.003"/>
  <system-out/>
  <testcase classname="testNGConcepts.Demo2" name="verifyLogout" time="0.002"/>
  <system-out/>
</testsuite> <!-- testNGConcepts.Demo2 -->
