<?xml version="1.0" encoding="UTF-8"?>
<!-- Generated by org.testng.reporters.JUnitReportReporter -->
<testsuite hostname="DESKTOP-MF5HO5G" failures="0" tests="2" name="TestCases.LoginTestCases" time="18.304" errors="0" timestamp="2024-11-29T16:14:14 IST" skipped="0">
  <testcase classname="TestCases.LoginTestCases" name="verifyLoginWithValidData" time="8.899"/>
  <system-out/>
  <testcase classname="TestCases.LoginTestCases" name="verifyLoginWithValidData" time="9.405"/>
  <system-out/>
</testsuite> <!-- TestCases.LoginTestCases -->
