<?xml version="1.0" encoding="UTF-8"?>
<!-- Generated by org.testng.reporters.JUnitReportReporter -->
<testsuite hostname="DESKTOP-MF5HO5G" failures="0" tests="1" name="testNGConcepts.Groups" time="0.019" errors="0" timestamp="2024-10-18T12:34:10 IST" skipped="0">
  <testcase classname="testNGConcepts.Groups" name="method1" time="0.019"/>
  <system-out/>
</testsuite> <!-- testNGConcepts.Groups -->
