<?xml version="1.0" encoding="UTF-8"?>
<!-- Generated by org.testng.reporters.JUnitReportReporter -->
<testsuite hostname="DESKTOP-MF5HO5G" failures="0" tests="3" name="TestCases.RegisterTestCases" time="17.167" errors="0" timestamp="2024-10-23T07:43:24 IST" skipped="2">
  <testcase classname="TestCases.RegisterTestCases" name="verifyRegistrationWithValidData" time="17.167"/>
  <system-out/>
  <testcase classname="TestCases.RegisterTestCases" name="verifyRegistrationWithBlankData">
    <skipped/>
  </testcase> <!-- verifyRegistrationWithBlankData -->
  <system-out/>
  <testcase classname="TestCases.RegisterTestCases" name="verifyRegistrationWithInValidData">
    <skipped/>
  </testcase> <!-- verifyRegistrationWithInValidData -->
  <system-out/>
</testsuite> <!-- TestCases.RegisterTestCases -->
