<?xml version="1.0" encoding="UTF-8"?>
<!-- Generated by org.testng.reporters.JUnitReportReporter -->
<testsuite hostname="DESKTOP-MF5HO5G" failures="0" tests="3" name="testNGConcepts.Priority" time="0.031" errors="0" timestamp="2024-10-17T14:55:42 IST" skipped="0">
  <testcase classname="testNGConcepts.Priority" name="verify_Registration" time="0.004"/>
  <system-out/>
  <testcase classname="testNGConcepts.Priority" name="verify_Logout" time="0.021"/>
  <system-out/>
  <testcase classname="testNGConcepts.Priority" name="verify_Login" time="0.006"/>
  <system-out/>
</testsuite> <!-- testNGConcepts.Priority -->
