<?xml version="1.0" encoding="UTF-8"?>
<!-- Generated by org.testng.reporters.JUnitReportReporter -->
<testsuite hostname="DESKTOP-MF5HO5G" failures="0" tests="3" name="testNGConcepts.DependsOnMethods" time="0.023" errors="0" timestamp="2024-10-18T12:10:51 IST" skipped="0">
  <testcase classname="testNGConcepts.DependsOnMethods" name="methodA" time="0.020"/>
  <system-out/>
  <testcase classname="testNGConcepts.DependsOnMethods" name="methodB" time="0.002"/>
  <system-out/>
  <testcase classname="testNGConcepts.DependsOnMethods" name="methodC" time="0.001"/>
  <system-out/>
</testsuite> <!-- testNGConcepts.DependsOnMethods -->
